<?xml version="1.0" encoding="UTF-8"?>
<testsuite xmlns:xsi="http://www.w3.org/2001/XMLSchema-instance" xsi:noNamespaceSchemaLocation="https://maven.apache.org/surefire/maven-surefire-plugin/xsd/surefire-test-report.xsd" version="3.0.2" name="com.backend.deals.DealsServiceTest" time="0.553" tests="4" errors="0" skipped="0" failures="0">
  <properties>
[...]
</properties>
  <testcase name="testFetchAllCombinedDeals" classname="com.backend.deals.DealsServiceTest" time="0.525"/>
  <testcase name="testIsDealActive" classname="com.backend.deals.DealsServiceTest" time="0.008"/>
  <testcase name="testCreateDealItem" classname="com.backend.deals.DealsServiceTest" time="0.006"/>
  <testcase name="testFetchAllCombinedDealsAPICheck" classname="com.backend.deals.DealsServiceTest" time="0.009">
    <system-out><![CDATA[Deals fetched from all APIs: [com.backend.deals.Model.DealItem@5600a278, com.backend.deals.Model.DealItem@5600a278, com.backend.deals.Model.DealItem@5600a278, com.backend.deals.Model.DealItem@549d14fe, com.backend.deals.Model.DealItem@549d14fe, com.backend.deals.Model.DealItem@549d14fe]
]]></system-out>
  </testcase>
</testsuite>